D:\新建文件夹 (5)\GigeCameraDemo\Debug64\cl.command.1.tlog
D:\新建文件夹 (5)\GigeCameraDemo\Debug64\CL.read.1.tlog
D:\新建文件夹 (5)\GigeCameraDemo\Debug64\CL.read.5.tlog
D:\新建文件夹 (5)\GigeCameraDemo\Debug64\CL.write.1.tlog
D:\新建文件夹 (5)\GIGECAMERADEMO\DEBUG64\GIGECAMERADEMO.EXE
D:\新建文件夹 (5)\GIGECAMERADEMO\DEBUG64\GIGECAMERADEMO.EXE.INTERMEDIATE.MANIFEST
D:\新建文件夹 (5)\GIGECAMERADEMO\DEBUG64\GIGECAMERADEMO.EXE.MANIFEST
D:\新建文件夹 (5)\GIGECAMERADEMO\DEBUG64\GIGECAMERADEMO.ILK
D:\新建文件夹 (5)\GIGECAMERADEMO\DEBUG64\GIGECAMERADEMO.MAP
D:\新建文件夹 (5)\GIGECAMERADEMO\DEBUG64\GIGECAMERADEMO.OBJ
D:\新建文件夹 (5)\GIGECAMERADEMO\DEBUG64\GIGECAMERADEMO.PDB
D:\新建文件夹 (5)\GIGECAMERADEMO\DEBUG64\GIGECAMERADEMO.RES
D:\新建文件夹 (5)\GigeCameraDemo\Debug64\GigeCameraDemo.write.1.tlog
D:\新建文件夹 (5)\GigeCameraDemo\Debug64\GigeCameraDemo_2010.vcxprojResolveAssemblyReference.cache
D:\新建文件夹 (5)\GIGECAMERADEMO\DEBUG64\GIGECAMERADEMODLG.OBJ
D:\新建文件夹 (5)\GIGECAMERADEMO\DEBUG64\INPUTDIALOG.OBJ
D:\新建文件夹 (5)\GigeCameraDemo\Debug64\link.command.1.tlog
D:\新建文件夹 (5)\GigeCameraDemo\Debug64\link.read.1.tlog
D:\新建文件夹 (5)\GigeCameraDemo\Debug64\link.read.5.tlog
D:\新建文件夹 (5)\GigeCameraDemo\Debug64\link.write.1.tlog
D:\新建文件夹 (5)\GigeCameraDemo\Debug64\link-cvtres.read.1.tlog
D:\新建文件夹 (5)\GigeCameraDemo\Debug64\link-cvtres.write.1.tlog
D:\新建文件夹 (5)\GIGECAMERADEMO\DEBUG64\MESSAGEDIALOG.OBJ
D:\新建文件夹 (5)\GigeCameraDemo\Debug64\mt.command.1.tlog
D:\新建文件夹 (5)\GigeCameraDemo\Debug64\mt.read.1.tlog
D:\新建文件夹 (5)\GigeCameraDemo\Debug64\mt.write.1.tlog
D:\新建文件夹 (5)\GigeCameraDemo\Debug64\rc.command.1.tlog
D:\新建文件夹 (5)\GigeCameraDemo\Debug64\rc.read.1.tlog
D:\新建文件夹 (5)\GigeCameraDemo\Debug64\rc.write.1.tlog
D:\新建文件夹 (5)\GIGECAMERADEMO\DEBUG64\SERIALPORT.OBJ
D:\新建文件夹 (5)\GIGECAMERADEMO\DEBUG64\SPLASHWND.OBJ
D:\新建文件夹 (5)\GIGECAMERADEMO\DEBUG64\STDAFX.OBJ
D:\新建文件夹 (5)\GIGECAMERADEMO\DEBUG64\VC100.PDB
Debug64\GigeCameraDemo.ilk
Debug64\GigeCameraDemo.pdb
